[2020-11-20 18:51:37.739] Plugin booted up, the server paste was created for debugging, reporting errors and data-recovery: https://paste.ubuntu.com/p/h79hhdpNQg/
[2020-11-20 21:03:28.566] Plugin booted up, the server paste was created for debugging, reporting errors and data-recovery: https://paste.ubuntu.com/p/vXNDVZvHXB/
[2020-11-20 22:06:19.972] Plugin booted up, the server paste was created for debugging, reporting errors and data-recovery: https://paste.ubuntu.com/p/ZqZ2MxFgDq/
[2020-11-20 22:15:15.770] Plugin booted up, the server paste was created for debugging, reporting errors and data-recovery: https://paste.ubuntu.com/p/N9TWBQTBTp/
[2020-11-20 23:14:29.281] Plugin booted up, the server paste was created for debugging, reporting errors and data-recovery: https://paste.ubuntu.com/p/xwC9yX2tSm/
[2020-11-20 23:30:30.332] Plugin booted up, the server paste was created for debugging, reporting errors and data-recovery: https://paste.ubuntu.com/p/R5Fq7k3d7t/
[2020-11-21 20:02:16.479] Plugin booted up, the server paste was created for debugging, reporting errors and data-recovery: https://paste.ubuntu.com/p/qjRJv87Xg2/
[2020-11-27 20:23:10.488] Plugin booted up, the server paste was created for debugging, reporting errors and data-recovery: https://paste.ubuntu.com/p/yjQ3Xhv5bS/
[2020-12-05 09:40:04.813] Plugin booted up, the server paste was created for debugging, reporting errors and data-recovery: https://paste.ubuntu.com/p/tQBJ6K2B55/
[2020-12-05 10:28:52.658] Plugin booted up, the server paste was created for debugging, reporting errors and data-recovery: https://paste.ubuntu.com/p/fNFX9ZJC2h/
[2020-12-05 20:53:42.327] Plugin booted up, the server paste was created for debugging, reporting errors and data-recovery: https://paste.ubuntu.com/p/vh5wvMBFtj/
[2020-12-05 23:49:54.922] Plugin booted up, the server paste was created for debugging, reporting errors and data-recovery: https://paste.ubuntu.com/p/HsqCKN5DCb/
[2020-12-05 23:57:59.851] Plugin booted up, the server paste was created for debugging, reporting errors and data-recovery: https://paste.ubuntu.com/p/M3wxyx6dVh/
[2020-12-06 00:10:08.060] Plugin booted up, the server paste was created for debugging, reporting errors and data-recovery: https://paste.ubuntu.com/p/dwhbVqSTyQ/
[2020-12-06 00:18:14.884] Plugin booted up, the server paste was created for debugging, reporting errors and data-recovery: https://paste.ubuntu.com/p/DXDXcsqHk7/
[2020-12-06 00:19:47.280] Plugin booted up, the server paste was created for debugging, reporting errors and data-recovery: https://paste.ubuntu.com/p/hrHG8997FT/
[2020-12-06 00:27:44.096] Plugin booted up, the server paste was created for debugging, reporting errors and data-recovery: https://paste.ubuntu.com/p/mQX6s2jT4c/
[2020-12-06 00:58:45.437] Plugin booted up, the server paste was created for debugging, reporting errors and data-recovery: https://paste.ubuntu.com/p/xdmJVxY5WJ/
[2020-12-06 01:16:45.364] Plugin booted up, the server paste was created for debugging, reporting errors and data-recovery: https://paste.ubuntu.com/p/gT4DxVKPm3/
[2020-12-11 19:20:30.277] Plugin booted up, the server paste was created for debugging, reporting errors and data-recovery: https://paste.ubuntu.com/p/ygcGb475WH/
[2020-12-11 19:54:48.848] Plugin booted up, the server paste was created for debugging, reporting errors and data-recovery: https://paste.ubuntu.com/p/hR2Gq8Jgtp/
[2020-12-11 20:00:52.981] Plugin booted up, the server paste was created for debugging, reporting errors and data-recovery: https://paste.ubuntu.com/p/2sQ8Xd8xMg/
[2020-12-11 20:23:37.851] Plugin booted up, the server paste was created for debugging, reporting errors and data-recovery: https://paste.ubuntu.com/p/w8ZMsxxTPp/
[2020-12-11 20:34:48.951] Plugin booted up, the server paste was created for debugging, reporting errors and data-recovery: https://paste.ubuntu.com/p/6Y6WWY8Rxh/
[2020-12-11 20:37:44.640] Plugin booted up, the server paste was created for debugging, reporting errors and data-recovery: https://paste.ubuntu.com/p/7cbzbqN45z/
[2020-12-11 20:39:45.860] Plugin booted up, the server paste was created for debugging, reporting errors and data-recovery: https://paste.ubuntu.com/p/nJkVqdvr5R/
[2020-12-11 20:42:39.911] Plugin booted up, the server paste was created for debugging, reporting errors and data-recovery: https://paste.ubuntu.com/p/NDTHR7rCZw/
[2020-12-11 20:44:36.723] Plugin booted up, the server paste was created for debugging, reporting errors and data-recovery: https://paste.ubuntu.com/p/MQkZpfDQ2Q/
[2020-12-11 21:25:42.118] Plugin booted up, the server paste was created for debugging, reporting errors and data-recovery: https://paste.ubuntu.com/p/d3krQ4pfxN/
[2020-12-15 20:15:37.852] Plugin booted up, the server paste was created for debugging, reporting errors and data-recovery: https://paste.ubuntu.com/p/279ZtDKZcP/
[2020-12-15 20:34:56.305] Plugin booted up, the server paste was created for debugging, reporting errors and data-recovery: https://paste.ubuntu.com/p/Ywh4Py6kGM/
[2020-12-15 20:42:10.204] Plugin booted up, the server paste was created for debugging, reporting errors and data-recovery: https://paste.ubuntu.com/p/r2x67k9wR9/
[2020-12-15 20:45:59.782] Plugin booted up, the server paste was created for debugging, reporting errors and data-recovery: https://paste.ubuntu.com/p/gk5kTDK4Bj/
[2020-12-15 20:53:08.876] Plugin booted up, the server paste was created for debugging, reporting errors and data-recovery: https://paste.ubuntu.com/p/VCNjTcFG4C/
[2020-12-15 20:59:55.205] Plugin booted up, the server paste was created for debugging, reporting errors and data-recovery: https://paste.ubuntu.com/p/hYHdjcbjjv/
[2020-12-16 20:26:49.309] Plugin booted up, the server paste was created for debugging, reporting errors and data-recovery: https://paste.ubuntu.com/p/jdgJX48GHz/
[2020-12-16 20:34:15.367] Plugin booted up, the server paste was created for debugging, reporting errors and data-recovery: https://paste.ubuntu.com/p/B9gcsQtsWx/
[2020-12-16 20:38:47.813] Plugin booted up, the server paste was created for debugging, reporting errors and data-recovery: https://paste.ubuntu.com/p/vp23f38PCt/
[2020-12-16 20:40:48.528] Plugin booted up, the server paste was created for debugging, reporting errors and data-recovery: https://paste.ubuntu.com/p/4hyFcXPVBX/
[2020-12-16 20:46:42.960] Plugin booted up, the server paste was created for debugging, reporting errors and data-recovery: https://paste.ubuntu.com/p/SZKBbZn9WQ/
[2020-12-16 20:50:30.825] Plugin booted up, the server paste was created for debugging, reporting errors and data-recovery: https://paste.ubuntu.com/p/SY8H84t4hj/
[2020-12-16 20:52:48.824] Plugin booted up, the server paste was created for debugging, reporting errors and data-recovery: https://paste.ubuntu.com/p/kzGXRQyDjG/
[2020-12-16 20:57:39.376] Plugin booted up, the server paste was created for debugging, reporting errors and data-recovery: https://paste.ubuntu.com/p/hFN4FFxgr4/
[2020-12-17 21:00:49.361] Plugin booted up, the server paste was created for debugging, reporting errors and data-recovery: https://paste.ubuntu.com/p/nxcF9w76pK/
[2020-12-17 21:12:41.716] Plugin booted up, the server paste was created for debugging, reporting errors and data-recovery: https://paste.ubuntu.com/p/2mWQqMQYwV/
[2020-12-18 17:08:44.274] Plugin booted up, the server paste was created for debugging, reporting errors and data-recovery: https://paste.ubuntu.com/p/9Jnhby6Kwx/
[2020-12-18 17:23:48.607] Plugin booted up, the server paste was created for debugging, reporting errors and data-recovery: https://paste.ubuntu.com/p/WbJw5kZvsy/
[2020-12-18 17:42:39.312] Plugin booted up, the server paste was created for debugging, reporting errors and data-recovery: https://paste.ubuntu.com/p/DWs9WgNNcN/
[2020-12-18 17:50:34.761] Plugin booted up, the server paste was created for debugging, reporting errors and data-recovery: https://paste.ubuntu.com/p/2xNJ4pcPPV/
[2020-12-18 17:58:54.749] Plugin booted up, the server paste was created for debugging, reporting errors and data-recovery: https://paste.ubuntu.com/p/V8z2cmk4q7/
[2020-12-18 18:16:44.675] Plugin booted up, the server paste was created for debugging, reporting errors and data-recovery: https://paste.ubuntu.com/p/mtD54tqYxs/
[2020-12-18 18:22:21.928] Plugin booted up, the server paste was created for debugging, reporting errors and data-recovery: https://paste.ubuntu.com/p/BbjgMHhhck/
[2020-12-18 19:15:27.901] Plugin booted up, the server paste was created for debugging, reporting errors and data-recovery: https://paste.ubuntu.com/p/wrYpHmSsjK/
[2020-12-18 19:24:39.559] Plugin booted up, the server paste was created for debugging, reporting errors and data-recovery: https://paste.ubuntu.com/p/c5pDTwdVN3/
[2020-12-18 19:26:26.263] Plugin booted up, the server paste was created for debugging, reporting errors and data-recovery: https://paste.ubuntu.com/p/CbVSCRgfmD/
[2020-12-18 19:28:32.905] Plugin booted up, the server paste was created for debugging, reporting errors and data-recovery: https://paste.ubuntu.com/p/RhfXcTxh5c/
[2020-12-18 19:29:52.875] Plugin booted up, the server paste was created for debugging, reporting errors and data-recovery: https://paste.ubuntu.com/p/tcVTNTtckz/
[2020-12-25 17:33:48.670] Plugin booted up, the server paste was created for debugging, reporting errors and data-recovery: https://paste.ubuntu.com/p/wxv2mDDdwD/
[2020-12-25 17:43:23.917] Plugin booted up, the server paste was created for debugging, reporting errors and data-recovery: https://paste.ubuntu.com/p/n28BWv3tqZ/
[2020-12-25 18:11:05.929] Plugin booted up, the server paste was created for debugging, reporting errors and data-recovery: https://paste.ubuntu.com/p/hcqPYCv2Y4/
[2020-12-25 18:14:00.055] Plugin booted up, the server paste was created for debugging, reporting errors and data-recovery: https://paste.ubuntu.com/p/5jhnJwj7V9/
[2020-12-25 18:15:50.395] Plugin booted up, the server paste was created for debugging, reporting errors and data-recovery: https://paste.ubuntu.com/p/n6CMRmqktm/
[2020-12-25 18:19:29.557] Plugin booted up, the server paste was created for debugging, reporting errors and data-recovery: https://paste.ubuntu.com/p/gZJQwbNVs8/
[2020-12-25 19:13:30.381] Plugin booted up, the server paste was created for debugging, reporting errors and data-recovery: https://paste.ubuntu.com/p/djFwqbdNx6/
[2020-12-25 20:32:33.450] Plugin booted up, the server paste was created for debugging, reporting errors and data-recovery: https://paste.ubuntu.com/p/kjYJGjVCtX/
[2020-12-25 21:31:59.939] Plugin booted up, the server paste was created for debugging, reporting errors and data-recovery: https://paste.ubuntu.com/p/fVfgsSXX35/
[2020-12-25 22:18:34.643] Plugin booted up, the server paste was created for debugging, reporting errors and data-recovery: https://paste.ubuntu.com/p/HDGmZhh2j7/
[2020-12-25 22:25:35.604] Plugin booted up, the server paste was created for debugging, reporting errors and data-recovery: https://paste.ubuntu.com/p/wNbBfZsJmW/
[2020-12-25 22:28:13.180] Plugin booted up, the server paste was created for debugging, reporting errors and data-recovery: https://paste.ubuntu.com/p/5NXT29hQPm/
[2021-01-19 12:44:57.058] Plugin booted up, the server paste was created for debugging, reporting errors and data-recovery: https://paste.ubuntu.com/p/GV9qG7vT9T/
[2021-01-19 12:46:13.246] Plugin booted up, the server paste was created for debugging, reporting errors and data-recovery: https://paste.ubuntu.com/p/Zqt93XfqJJ/
[2021-01-19 12:55:15.689] Plugin booted up, the server paste was created for debugging, reporting errors and data-recovery: https://paste.ubuntu.com/p/KPvb6PBdKW/
[2021-01-19 12:57:49.661] Plugin booted up, the server paste was created for debugging, reporting errors and data-recovery: https://paste.ubuntu.com/p/vnM6rJ7wSV/
[2021-01-19 13:02:35.511] Plugin booted up, the server paste was created for debugging, reporting errors and data-recovery: https://paste.ubuntu.com/p/9wSVcF8NdD/
[2021-01-19 20:58:45.815] Plugin booted up, the server paste was created for debugging, reporting errors and data-recovery: https://paste.ubuntu.com/p/QPH2m4Ddw2/
[2021-01-19 21:19:04.832] Plugin booted up, the server paste was created for debugging, reporting errors and data-recovery: https://paste.ubuntu.com/p/5N3w69gBQJ/
[2021-01-19 21:23:34.755] Plugin booted up, the server paste was created for debugging, reporting errors and data-recovery: https://paste.ubuntu.com/p/v4zVHn3q96/
[2021-01-19 21:58:58.617] Plugin booted up, the server paste was created for debugging, reporting errors and data-recovery: https://paste.ubuntu.com/p/ddxsHJyx4W/
[2021-01-19 22:13:20.040] Plugin booted up, the server paste was created for debugging, reporting errors and data-recovery: https://paste.ubuntu.com/p/TwYByFJfny/
[2021-01-20 12:33:42.537] Plugin booted up, the server paste was created for debugging, reporting errors and data-recovery: https://paste.ubuntu.com/p/NZBP3Xqw6r/
[2021-01-23 12:42:16.203] Plugin booted up, the server paste was created for debugging, reporting errors and data-recovery: https://paste.ubuntu.com/p/rNHxhsrFF5/
[2021-01-27 23:06:08.094] Plugin booted up, the server paste was created for debugging, reporting errors and data-recovery: https://paste.ubuntu.com/p/RyDGJM3dPW/
[2021-01-27 23:24:52.483] Plugin booted up, the server paste was created for debugging, reporting errors and data-recovery: https://paste.ubuntu.com/p/GbgBHFP64p/
[2021-02-02 19:53:13.118] Plugin booted up, the server paste was created for debugging, reporting errors and data-recovery: https://paste.ubuntu.com/p/jJ2TXP2rJG/
[2021-02-07 11:43:43.034] Plugin booted up, the server paste was created for debugging, reporting errors and data-recovery: https://paste.ubuntu.com/p/BmdGCP7rWn/
[2021-02-12 16:11:40.439] Plugin booted up, the server paste was created for debugging, reporting errors and data-recovery: https://paste.ubuntu.com/p/wFwfWjWys5/
[2021-02-13 00:51:15.366] Plugin booted up, the server paste was created for debugging, reporting errors and data-recovery: https://paste.ubuntu.com/p/cKxpH2gx3s/
[2021-02-27 15:07:16.579] Plugin booted up, the server paste was created for debugging, reporting errors and data-recovery: https://paste.ubuntu.com/p/gk8Pz6hg4m/
[2021-04-30 19:14:08.556] Plugin booted up, the server paste was created for debugging, reporting errors and data-recovery: https://paste.ubuntu.com/p/9r4jyPYxVw/
[2021-04-30 19:22:52.128] Plugin booted up, the server paste was created for debugging, reporting errors and data-recovery: https://paste.ubuntu.com/p/zvbTRQwjPW/
[2021-04-30 19:25:39.050] Plugin booted up, the server paste was created for debugging, reporting errors and data-recovery: https://paste.ubuntu.com/p/2DC6rnGtd6/
[2021-04-30 19:37:38.503] Plugin booted up, the server paste was created for debugging, reporting errors and data-recovery: https://paste.ubuntu.com/p/FwR7pF8tFn/
[2021-04-30 19:46:28.898] Plugin booted up, the server paste was created for debugging, reporting errors and data-recovery: https://paste.ubuntu.com/p/tfvZ8xgzhX/
[2021-04-30 19:51:17.481] Plugin booted up, the server paste was created for debugging, reporting errors and data-recovery: https://paste.ubuntu.com/p/ppJFnZKV5x/
[2021-04-30 19:57:27.053] Plugin booted up, the server paste was created for debugging, reporting errors and data-recovery: https://paste.ubuntu.com/p/HdRRrsVGKV/
[2021-04-30 20:01:57.328] Plugin booted up, the server paste was created for debugging, reporting errors and data-recovery: https://paste.ubuntu.com/p/n7kWPsCqN2/
[2021-04-30 20:05:07.008] Plugin booted up, the server paste was created for debugging, reporting errors and data-recovery: https://paste.ubuntu.com/p/Cm56nSxQqV/
[2021-04-30 20:06:17.824] Plugin booted up, the server paste was created for debugging, reporting errors and data-recovery: https://paste.ubuntu.com/p/xbfqP3cdqq/
[2021-04-30 20:07:33.743] Plugin booted up, the server paste was created for debugging, reporting errors and data-recovery: https://paste.ubuntu.com/p/Sg88gcVj6W/
[2021-04-30 20:11:54.425] Plugin booted up, the server paste was created for debugging, reporting errors and data-recovery: https://paste.ubuntu.com/p/2pWDM3yb3x/
[2021-04-30 22:01:12.324] Plugin booted up, the server paste was created for debugging, reporting errors and data-recovery: https://paste.ubuntu.com/p/FmWvWF3Wyv/
